D:\Program Files (x86)\Microsoft Visual Studio\2019\Community\MSBuild\Microsoft\VC\v160\Microsoft.CppBuild.targets(499,5): warning MSB8004: Output 目录未以斜杠结尾。  此生成实例将添加斜杠，因为必须有这个斜杠才能正确计算 Output 目录。
D:\Program Files (x86)\Microsoft Visual Studio\2019\Community\MSBuild\Microsoft\VC\v160\Microsoft.CppBuild.targets(499,5): warning MSB8004: Output 目录未以斜杠结尾。  此生成实例将添加斜杠，因为必须有这个斜杠才能正确计算 Output 目录。
  uic xrtmpstreamer.ui
  rcc xrtmpstreamer.qrc
  moc xrtmpstreamer.h
   RCC: Warning: No resources in 'G:\CppLearningFile\FFmpeg\01.FFmpeg鍏ㄥ\01.FFmpeg椤圭洰瀹炴垬瑙嗛鏁欑▼ 2濂梊01.FFmpeg瑙嗛鐩存挱椤圭洰瀹炴垬瑙嗛鏁欑▼ 67璇?浠ｇ爜璁蹭箟榻愬叏\lessoncode\src\XRtmpStreamer\xrtmpstreamer.qrc'.
  XVideoCapture.cpp
  XAudioRecord.cpp
  XBilateralFilter.cpp
  XController.cpp
G:\CppLearningFile\FFmpeg\01.FFmpeg全套\01.FFmpeg项目实战视频教程 2套\01.FFmpeg视频直播项目实战视频教程 67课 代码讲义齐全\lessoncode\include\opencv2\core\mat.hpp(1926,1): warning C4819: 该文件包含不能在当前代码页(936)中表示的字符。请将该文件保存为 Unicode 格式以防止数据丢失 (编译源文件 XVideoCapture.cpp)
G:\CppLearningFile\FFmpeg\01.FFmpeg全套\01.FFmpeg项目实战视频教程 2套\01.FFmpeg视频直播项目实战视频教程 67课 代码讲义齐全\lessoncode\include\opencv2\core\mat.hpp(1926,1): warning C4819: 该文件包含不能在当前代码页(936)中表示的字符。请将该文件保存为 Unicode 格式以防止数据丢失 (编译源文件 XBilateralFilter.cpp)
G:\CppLearningFile\FFmpeg\01.FFmpeg全套\01.FFmpeg项目实战视频教程 2套\01.FFmpeg视频直播项目实战视频教程 67课 代码讲义齐全\lessoncode\include\opencv2\core\persistence.hpp(1,1): warning C4819: 该文件包含不能在当前代码页(936)中表示的字符。请将该文件保存为 Unicode 格式以防止数据丢失 (编译源文件 XBilateralFilter.cpp)
G:\CppLearningFile\FFmpeg\01.FFmpeg全套\01.FFmpeg项目实战视频教程 2套\01.FFmpeg视频直播项目实战视频教程 67课 代码讲义齐全\lessoncode\include\opencv2\core\persistence.hpp(1,1): warning C4819: 该文件包含不能在当前代码页(936)中表示的字符。请将该文件保存为 Unicode 格式以防止数据丢失 (编译源文件 XVideoCapture.cpp)
G:\CppLearningFile\FFmpeg\01.FFmpeg全套\01.FFmpeg项目实战视频教程 2套\01.FFmpeg视频直播项目实战视频教程 67课 代码讲义齐全\lessoncode\include\opencv2\core\utility.hpp(1,1): warning C4819: 该文件包含不能在当前代码页(936)中表示的字符。请将该文件保存为 Unicode 格式以防止数据丢失 (编译源文件 XBilateralFilter.cpp)
G:\CppLearningFile\FFmpeg\01.FFmpeg全套\01.FFmpeg项目实战视频教程 2套\01.FFmpeg视频直播项目实战视频教程 67课 代码讲义齐全\lessoncode\include\opencv2\core\utility.hpp(1,1): warning C4819: 该文件包含不能在当前代码页(936)中表示的字符。请将该文件保存为 Unicode 格式以防止数据丢失 (编译源文件 XBilateralFilter.cpp)
G:\CppLearningFile\FFmpeg\01.FFmpeg全套\01.FFmpeg项目实战视频教程 2套\01.FFmpeg视频直播项目实战视频教程 67课 代码讲义齐全\lessoncode\include\opencv2\core\utility.hpp(1,1): warning C4819: 该文件包含不能在当前代码页(936)中表示的字符。请将该文件保存为 Unicode 格式以防止数据丢失 (编译源文件 XVideoCapture.cpp)
G:\CppLearningFile\FFmpeg\01.FFmpeg全套\01.FFmpeg项目实战视频教程 2套\01.FFmpeg视频直播项目实战视频教程 67课 代码讲义齐全\lessoncode\include\opencv2\imgproc.hpp(617,1): warning C4819: 该文件包含不能在当前代码页(936)中表示的字符。请将该文件保存为 Unicode 格式以防止数据丢失 (编译源文件 XBilateralFilter.cpp)
G:\CppLearningFile\FFmpeg\01.FFmpeg全套\01.FFmpeg项目实战视频教程 2套\01.FFmpeg视频直播项目实战视频教程 67课 代码讲义齐全\lessoncode\include\opencv2\core\utility.hpp(1,1): warning C4819: 该文件包含不能在当前代码页(936)中表示的字符。请将该文件保存为 Unicode 格式以防止数据丢失 (编译源文件 XVideoCapture.cpp)
  XData.cpp
  XDataThread.cpp
  XFilter.cpp
  XMediaEncode.cpp
G:\CppLearningFile\FFmpeg\01.FFmpeg全套\01.FFmpeg项目实战视频教程 2套\01.FFmpeg视频直播项目实战视频教程 67课 代码讲义齐全\lessoncode\include\libavutil\rational.h(1,1): warning C4819: 该文件包含不能在当前代码页(936)中表示的字符。请将该文件保存为 Unicode 格式以防止数据丢失 (编译源文件 XMediaEncode.cpp)
  XRtmp.cpp
  xrtmpstreamer.cpp
G:\CppLearningFile\FFmpeg\01.FFmpeg全套\01.FFmpeg项目实战视频教程 2套\01.FFmpeg视频直播项目实战视频教程 67课 代码讲义齐全\lessoncode\include\libavutil\rational.h(1,1): warning C4819: 该文件包含不能在当前代码页(936)中表示的字符。请将该文件保存为 Unicode 格式以防止数据丢失 (编译源文件 XRtmp.cpp)
  main.cpp
G:\CppLearningFile\FFmpeg\01.FFmpeg全套\01.FFmpeg项目实战视频教程 2套\01.FFmpeg视频直播项目实战视频教程 67课 代码讲义齐全\lessoncode\src\XRtmpStreamer\XMediaEncode.cpp(321): warning C4715: “CXMediaEncode::OpenCodec”: 不是所有的控件路径都返回值
  qrc_xrtmpstreamer.cpp
  moc_xrtmpstreamer.cpp
  XRtmpStreamer.vcxproj -> G:\CppLearningFile\FFmpeg\01.FFmpeg全套\01.FFmpeg项目实战视频教程 2套\01.FFmpeg视频直播项目实战视频教程 67课 代码讲义齐全\lessoncode\bin\XRtmpStreamer.exe
