g:\cpplearningfile\ffmpeg\01.ffmpeg全套\01.ffmpeg项目实战视频教程 2套\01.ffmpeg视频直播项目实战视频教程 67课 代码讲义齐全\lessoncode\src\xrtmpstreamer\debug\moc_xrtmpstreamer.obj
g:\cpplearningfile\ffmpeg\01.ffmpeg全套\01.ffmpeg项目实战视频教程 2套\01.ffmpeg视频直播项目实战视频教程 67课 代码讲义齐全\lessoncode\src\xrtmpstreamer\debug\qrc_xrtmpstreamer.obj
g:\cpplearningfile\ffmpeg\01.ffmpeg全套\01.ffmpeg项目实战视频教程 2套\01.ffmpeg视频直播项目实战视频教程 67课 代码讲义齐全\lessoncode\src\xrtmpstreamer\debug\xaudiorecord.obj
g:\cpplearningfile\ffmpeg\01.ffmpeg全套\01.ffmpeg项目实战视频教程 2套\01.ffmpeg视频直播项目实战视频教程 67课 代码讲义齐全\lessoncode\src\xrtmpstreamer\debug\xmediaencode.obj
g:\cpplearningfile\ffmpeg\01.ffmpeg全套\01.ffmpeg项目实战视频教程 2套\01.ffmpeg视频直播项目实战视频教程 67课 代码讲义齐全\lessoncode\src\xrtmpstreamer\debug\xcontroller.obj
g:\cpplearningfile\ffmpeg\01.ffmpeg全套\01.ffmpeg项目实战视频教程 2套\01.ffmpeg视频直播项目实战视频教程 67课 代码讲义齐全\lessoncode\src\xrtmpstreamer\debug\xfilter.obj
g:\cpplearningfile\ffmpeg\01.ffmpeg全套\01.ffmpeg项目实战视频教程 2套\01.ffmpeg视频直播项目实战视频教程 67课 代码讲义齐全\lessoncode\src\xrtmpstreamer\debug\xrtmpstreamer.obj
g:\cpplearningfile\ffmpeg\01.ffmpeg全套\01.ffmpeg项目实战视频教程 2套\01.ffmpeg视频直播项目实战视频教程 67课 代码讲义齐全\lessoncode\src\xrtmpstreamer\debug\xbilateralfilter.obj
g:\cpplearningfile\ffmpeg\01.ffmpeg全套\01.ffmpeg项目实战视频教程 2套\01.ffmpeg视频直播项目实战视频教程 67课 代码讲义齐全\lessoncode\src\xrtmpstreamer\debug\xdata.obj
g:\cpplearningfile\ffmpeg\01.ffmpeg全套\01.ffmpeg项目实战视频教程 2套\01.ffmpeg视频直播项目实战视频教程 67课 代码讲义齐全\lessoncode\src\xrtmpstreamer\debug\xdatathread.obj
g:\cpplearningfile\ffmpeg\01.ffmpeg全套\01.ffmpeg项目实战视频教程 2套\01.ffmpeg视频直播项目实战视频教程 67课 代码讲义齐全\lessoncode\src\xrtmpstreamer\debug\xvideocapture.obj
g:\cpplearningfile\ffmpeg\01.ffmpeg全套\01.ffmpeg项目实战视频教程 2套\01.ffmpeg视频直播项目实战视频教程 67课 代码讲义齐全\lessoncode\src\xrtmpstreamer\debug\xrtmp.obj
g:\cpplearningfile\ffmpeg\01.ffmpeg全套\01.ffmpeg项目实战视频教程 2套\01.ffmpeg视频直播项目实战视频教程 67课 代码讲义齐全\lessoncode\src\xrtmpstreamer\debug\main.obj
g:\cpplearningfile\ffmpeg\01.ffmpeg全套\01.ffmpeg项目实战视频教程 2套\01.ffmpeg视频直播项目实战视频教程 67课 代码讲义齐全\lessoncode\src\xrtmpstreamer\debug\vc142.pdb
g:\cpplearningfile\ffmpeg\01.ffmpeg全套\01.ffmpeg项目实战视频教程 2套\01.ffmpeg视频直播项目实战视频教程 67课 代码讲义齐全\lessoncode\src\xrtmpstreamer\debug\xrtmpstreamer.ilk
g:\cpplearningfile\ffmpeg\01.ffmpeg全套\01.ffmpeg项目实战视频教程 2套\01.ffmpeg视频直播项目实战视频教程 67课 代码讲义齐全\lessoncode\src\xrtmpstreamer\debug\xrtmpstreamer.exe
g:\cpplearningfile\ffmpeg\01.ffmpeg全套\01.ffmpeg项目实战视频教程 2套\01.ffmpeg视频直播项目实战视频教程 67课 代码讲义齐全\lessoncode\src\xrtmpstreamer\debug\xrtmpstreamer.pdb
g:\cpplearningfile\ffmpeg\01.ffmpeg全套\01.ffmpeg项目实战视频教程 2套\01.ffmpeg视频直播项目实战视频教程 67课 代码讲义齐全\lessoncode\bin\xrtmpstreamer.exe
g:\cpplearningfile\ffmpeg\01.ffmpeg全套\01.ffmpeg项目实战视频教程 2套\01.ffmpeg视频直播项目实战视频教程 67课 代码讲义齐全\lessoncode\bin\xrtmpstreamer.ilk
g:\cpplearningfile\ffmpeg\01.ffmpeg全套\01.ffmpeg项目实战视频教程 2套\01.ffmpeg视频直播项目实战视频教程 67课 代码讲义齐全\lessoncode\bin\xrtmpstreamer.pdb
g:\cpplearningfile\ffmpeg\01.ffmpeg全套\01.ffmpeg项目实战视频教程 2套\01.ffmpeg视频直播项目实战视频教程 67课 代码讲义齐全\lessoncode\src\xrtmpstreamer\debug\moc\moc_xrtmpstreamer.cpp
g:\cpplearningfile\ffmpeg\01.ffmpeg全套\01.ffmpeg项目实战视频教程 2套\01.ffmpeg视频直播项目实战视频教程 67课 代码讲义齐全\lessoncode\src\xrtmpstreamer\debug\rcc\qrc_xrtmpstreamer.cpp
g:\cpplearningfile\ffmpeg\01.ffmpeg全套\01.ffmpeg项目实战视频教程 2套\01.ffmpeg视频直播项目实战视频教程 67课 代码讲义齐全\lessoncode\src\xrtmpstreamer\debug\uic\ui_xrtmpstreamer.h
g:\cpplearningfile\ffmpeg\01.ffmpeg全套\01.ffmpeg项目实战视频教程 2套\01.ffmpeg视频直播项目实战视频教程 67课 代码讲义齐全\lessoncode\src\xrtmpstreamer\debug\xrtmpstreamer.tlog\cl.command.1.tlog
g:\cpplearningfile\ffmpeg\01.ffmpeg全套\01.ffmpeg项目实战视频教程 2套\01.ffmpeg视频直播项目实战视频教程 67课 代码讲义齐全\lessoncode\src\xrtmpstreamer\debug\xrtmpstreamer.tlog\cl.read.1.tlog
g:\cpplearningfile\ffmpeg\01.ffmpeg全套\01.ffmpeg项目实战视频教程 2套\01.ffmpeg视频直播项目实战视频教程 67课 代码讲义齐全\lessoncode\src\xrtmpstreamer\debug\xrtmpstreamer.tlog\cl.write.1.tlog
g:\cpplearningfile\ffmpeg\01.ffmpeg全套\01.ffmpeg项目实战视频教程 2套\01.ffmpeg视频直播项目实战视频教程 67课 代码讲义齐全\lessoncode\src\xrtmpstreamer\debug\xrtmpstreamer.tlog\link.command.1.tlog
g:\cpplearningfile\ffmpeg\01.ffmpeg全套\01.ffmpeg项目实战视频教程 2套\01.ffmpeg视频直播项目实战视频教程 67课 代码讲义齐全\lessoncode\src\xrtmpstreamer\debug\xrtmpstreamer.tlog\link.read.1.tlog
g:\cpplearningfile\ffmpeg\01.ffmpeg全套\01.ffmpeg项目实战视频教程 2套\01.ffmpeg视频直播项目实战视频教程 67课 代码讲义齐全\lessoncode\src\xrtmpstreamer\debug\xrtmpstreamer.tlog\link.write.1.tlog
g:\cpplearningfile\ffmpeg\01.ffmpeg全套\01.ffmpeg项目实战视频教程 2套\01.ffmpeg视频直播项目实战视频教程 67课 代码讲义齐全\lessoncode\src\xrtmpstreamer\debug\xrtmpstreamer.tlog\moc.read.1u.tlog
g:\cpplearningfile\ffmpeg\01.ffmpeg全套\01.ffmpeg项目实战视频教程 2套\01.ffmpeg视频直播项目实战视频教程 67课 代码讲义齐全\lessoncode\src\xrtmpstreamer\debug\xrtmpstreamer.tlog\moc.write.1u.tlog
g:\cpplearningfile\ffmpeg\01.ffmpeg全套\01.ffmpeg项目实战视频教程 2套\01.ffmpeg视频直播项目实战视频教程 67课 代码讲义齐全\lessoncode\src\xrtmpstreamer\debug\xrtmpstreamer.tlog\rcc.read.1u.tlog
g:\cpplearningfile\ffmpeg\01.ffmpeg全套\01.ffmpeg项目实战视频教程 2套\01.ffmpeg视频直播项目实战视频教程 67课 代码讲义齐全\lessoncode\src\xrtmpstreamer\debug\xrtmpstreamer.tlog\rcc.write.1u.tlog
g:\cpplearningfile\ffmpeg\01.ffmpeg全套\01.ffmpeg项目实战视频教程 2套\01.ffmpeg视频直播项目实战视频教程 67课 代码讲义齐全\lessoncode\src\xrtmpstreamer\debug\xrtmpstreamer.tlog\uic.read.1u.tlog
g:\cpplearningfile\ffmpeg\01.ffmpeg全套\01.ffmpeg项目实战视频教程 2套\01.ffmpeg视频直播项目实战视频教程 67课 代码讲义齐全\lessoncode\src\xrtmpstreamer\debug\xrtmpstreamer.tlog\uic.write.1u.tlog
g:\cpplearningfile\ffmpeg\01.ffmpeg全套\01.ffmpeg项目实战视频教程 2套\01.ffmpeg视频直播项目实战视频教程 67课 代码讲义齐全\lessoncode\src\xrtmpstreamer\debug\xrtmpstreamer.tlog\xrtmpstreamer.write.1u.tlog
